0x00010000 (0x00008117) x2  0x00018000
0x00010004 (0xffc10113) x2  0x00017ffc
0x00010008 (0x00010433) x8  0x00017ffc
0x0001000c (0x000022b7) x5  0x00002000
0x00010010 (0x3002a073)
0x00010014 (0x000100b7) x1  0x00010000
0x00010018 (0x0040006f)
0x0001001c (0xff010113) x2  0x00017fec
0x00010020 (0x00812423) mem 0x00017ff4 0x00017ffc
0x00010024 (0x00017437) x8  0x00017000
0x00010028 (0x00042783) x15 0x00008010 mem 0x00017000
0x0001002c (0x00112623) mem 0x00017ff8 0x00010000
0x00010030 (0x00912223) mem 0x00017ff0 0x00000000
0x00010034 (0x04100713) x14 0x00000041
0x00010038 (0x00e78023) mem 0x00008010 0x00000041
0x0001003c (0x00042783) x15 0x00008010 mem 0x00017000
0x00010040 (0x00a00493) x9  0x0000000a
0x00010044 (0x00978023) mem 0x00008010 0x0000000a
0x00010048 (0x358000ef) x1  0x0001004c
0x000103a0 (0xf5010113) x2  0x00017f3c
0x000103a4 (0x0a812423) mem 0x00017fe4 0x00017000
0x000103a8 (0x00011437) x8  0x00011000
0x000103ac (0x8c840413) x8  0x000108c8
0x000103b0 (0x09412c23) mem 0x00017fd4 0x00000000
0x000103b4 (0x02410a13) x20 0x00017f60
0x000103b8 (0x02400613) x12 0x00000024
0x000103bc (0x12c40593) x11 0x000109f4
0x000103c0 (0x000a0513) x10 0x00017f60
0x000103c4 (0x0a112623) mem 0x00017fe8 0x0001004c
0x000103c8 (0x0a912223) mem 0x00017fe0 0x0000000a
0x000103cc (0x0b212023) mem 0x00017fdc 0x00000000
0x000103d0 (0x09312e23) mem 0x00017fd8 0x00000000
0x000103d4 (0x04810493) x9  0x00017f84
0x000103d8 (0x3c8000ef) x1  0x000103dc
0x000107a0 (0x00a5c7b3) x15 0x00007694
0x000107a4 (0x0037f793) x15 0x00000000
0x000107a8 (0x00c508b3) x17 0x00017f84
0x000107ac (0x06079663)
0x000107b0 (0x00300793) x15 0x00000003
0x000107b4 (0x06c7f263)
0x000107b8 (0x00357793) x15 0x00000000
0x000107bc (0x00050713) x14 0x00017f60
0x000107c0 (0x0c079a63)
0x000107c4 (0xffc8f613) x12 0x00017f84
0x000107c8 (0x40e606b3) x13 0x00000024
0x000107cc (0x02000793) x15 0x00000020
0x000107d0 (0x06d7c463)
0x00010838 (0x0205a683) x13 0x40000000 mem 0x00010a14
0x0001083c (0x0005a383) x7  0x7f800000 mem 0x000109f4
0x00010840 (0x0045a283) x5  0xff800000 mem 0x000109f8
0x00010844 (0x0085af83) x31 0x80000000 mem 0x000109fc
0x00010848 (0x00c5af03) x30 0x00000000 mem 0x00010a00
0x0001084c (0x0105ae83) x29 0x00000000 mem 0x00010a04
0x00010850 (0x0145ae03) x28 0x7fc00000 mem 0x00010a08
0x00010854 (0x0185a303) x6  0x7fc00000 mem 0x00010a0c
0x00010858 (0x01c5a803) x16 0x3f800000 mem 0x00010a10
0x0001085c (0x02470713) x14 0x00017f84
0x00010860 (0xfed72e23) mem 0x00017f80 0x40000000
0x00010864 (0xfc772e23) mem 0x00017f60 0x7f800000
0x00010868 (0x40e606b3) x13 0x00000000
0x0001086c (0xfe572023) mem 0x00017f64 0xff800000
0x00010870 (0xfff72223) mem 0x00017f68 0x80000000
0x00010874 (0xffe72423) mem 0x00017f6c 0x00000000
0x00010878 (0xffd72623) mem 0x00017f70 0x00000000
0x0001087c (0xffc72823) mem 0x00017f74 0x7fc00000
0x00010880 (0xfe672a23) mem 0x00017f78 0x7fc00000
0x00010884 (0xff072c23) mem 0x00017f7c 0x3f800000
0x00010888 (0x02458593) x11 0x00010a18
0x0001088c (0xfad7c6e3)
0x00010890 (0xf45ff06f)
0x000107d4 (0x00058693) x13 0x00010a18
0x000107d8 (0x00070793) x15 0x00017f84
0x000107dc (0x02c77a63)
0x00010810 (0x01176863)
0x00010814 (0x00008067)
0x000103dc (0x02400613) x12 0x00000024
0x000103e0 (0x15040593) x11 0x00010a18
0x000103e4 (0x00048513) x10 0x00017f84
0x000103e8 (0x3b8000ef) x1  0x000103ec
0x000107a0 (0x00a5c7b3) x15 0x0000759c
0x000107a4 (0x0037f793) x15 0x00000000
0x000107a8 (0x00c508b3) x17 0x00017fa8
0x000107ac (0x06079663)
0x000107b0 (0x00300793) x15 0x00000003
0x000107b4 (0x06c7f263)
0x000107b8 (0x00357793) x15 0x00000000
0x000107bc (0x00050713) x14 0x00017f84
0x000107c0 (0x0c079a63)
0x000107c4 (0xffc8f613) x12 0x00017fa8
0x000107c8 (0x40e606b3) x13 0x00000024
0x000107cc (0x02000793) x15 0x00000020
0x000107d0 (0x06d7c463)
0x00010838 (0x0205a683) x13 0x3f800000 mem 0x00010a38
0x0001083c (0x0005a383) x7  0xff800000 mem 0x00010a18
0x00010840 (0x0045a283) x5  0x7f800000 mem 0x00010a1c
0x00010844 (0x0085af83) x31 0x00000000 mem 0x00010a20
0x00010848 (0x00c5af03) x30 0x80000000 mem 0x00010a24
0x0001084c (0x0105ae83) x29 0x7fc00000 mem 0x00010a28
0x00010850 (0x0145ae03) x28 0x3f800000 mem 0x00010a2c
0x00010854 (0x0185a303) x6  0x7fc00000 mem 0x00010a30
0x00010858 (0x01c5a803) x16 0x3f800000 mem 0x00010a34
0x0001085c (0x02470713) x14 0x00017fa8
0x00010860 (0xfed72e23) mem 0x00017fa4 0x3f800000
0x00010864 (0xfc772e23) mem 0x00017f84 0xff800000
0x00010868 (0x40e606b3) x13 0x00000000
0x0001086c (0xfe572023) mem 0x00017f88 0x7f800000
0x00010870 (0xfff72223) mem 0x00017f8c 0x00000000
0x00010874 (0xffe72423) mem 0x00017f90 0x80000000
0x00010878 (0xffd72623) mem 0x00017f94 0x7fc00000
0x0001087c (0xffc72823) mem 0x00017f98 0x3f800000
0x00010880 (0xfe672a23) mem 0x00017f9c 0x7fc00000
0x00010884 (0xff072c23) mem 0x00017fa0 0x3f800000
0x00010888 (0x02458593) x11 0x00010a3c
0x0001088c (0xfad7c6e3)
0x00010890 (0xf45ff06f)
0x000107d4 (0x00058693) x13 0x00010a3c
0x000107d8 (0x00070793) x15 0x00017fa8
0x000107dc (0x02c77a63)
0x00010810 (0x01176863)
0x00010814 (0x00008067)
0x000103ec (0x06c10993) x19 0x00017fa8
0x000103f0 (0x02400613) x12 0x00000024
0x000103f4 (0x17440593) x11 0x00010a3c
0x000103f8 (0x00098513) x10 0x00017fa8
0x000103fc (0x3a4000ef) x1  0x00010400
0x000107a0 (0x00a5c7b3) x15 0x00007594
0x000107a4 (0x0037f793) x15 0x00000000
0x000107a8 (0x00c508b3) x17 0x00017fcc
0x000107ac (0x06079663)
0x000107b0 (0x00300793) x15 0x00000003
0x000107b4 (0x06c7f263)
0x000107b8 (0x00357793) x15 0x00000000
0x000107bc (0x00050713) x14 0x00017fa8
0x000107c0 (0x0c079a63)
0x000107c4 (0xffc8f613) x12 0x00017fcc
0x000107c8 (0x40e606b3) x13 0x00000024
0x000107cc (0x02000793) x15 0x00000020
0x000107d0 (0x06d7c463)
0x00010838 (0x0205a683) x13 0x40400000 mem 0x00010a5c
0x0001083c (0x0005a383) x7  0x7fc00000 mem 0x00010a3c
0x00010840 (0x0045a283) x5  0x7fc00000 mem 0x00010a40
0x00010844 (0x0085af83) x31 0x00000000 mem 0x00010a44
0x00010848 (0x00c5af03) x30 0x00000000 mem 0x00010a48
0x0001084c (0x0105ae83) x29 0x7fc00000 mem 0x00010a4c
0x00010850 (0x0145ae03) x28 0x7fc00000 mem 0x00010a50
0x00010854 (0x0185a303) x6  0x7fc00000 mem 0x00010a54
0x00010858 (0x01c5a803) x16 0x40000000 mem 0x00010a58
0x0001085c (0x02470713) x14 0x00017fcc
0x00010860 (0xfed72e23) mem 0x00017fc8 0x40400000
0x00010864 (0xfc772e23) mem 0x00017fa8 0x7fc00000
0x00010868 (0x40e606b3) x13 0x00000000
0x0001086c (0xfe572023) mem 0x00017fac 0x7fc00000
0x00010870 (0xfff72223) mem 0x00017fb0 0x00000000
0x00010874 (0xffe72423) mem 0x00017fb4 0x00000000
0x00010878 (0xffd72623) mem 0x00017fb8 0x7fc00000
0x0001087c (0xffc72823) mem 0x00017fbc 0x7fc00000
0x00010880 (0xfe672a23) mem 0x00017fc0 0x7fc00000
0x00010884 (0xff072c23) mem 0x00017fc4 0x40000000
0x00010888 (0x02458593) x11 0x00010a60
0x0001088c (0xfad7c6e3)
0x00010890 (0xf45ff06f)
0x000107d4 (0x00058693) x13 0x00010a60
0x000107d8 (0x00070793) x15 0x00017fcc
0x000107dc (0x02c77a63)
0x00010810 (0x01176863)
0x00010814 (0x00008067)
0x00010400 (0x00000713) x14 0x00000000
0x00010404 (0x00010913) x18 0x00017f3c
0x00010408 (0x00900693) x13 0x00000009
0x0001040c (0x00271793) x15 0x00000000
0x00010410 (0x00fa0633) x12 0x00017f60
0x00010414 (0x00062787) f15 0x7f800000 mem 0x00017f60
0x00010418 (0x00f48633) x12 0x00017f84
0x0001041c (0x00062707) f14 0xff800000 mem 0x00017f84
0x00010420 (0x012787b3) x15 0x00017f3c
0x00010424 (0x00170713) x14 0x00000001
0x00010428 (0x00e7f7d3) f15 0x7fc00000
0x0001042c (0x00f7a027) mem 0x00017f3c 0x7fc00000
0x00010430 (0xfcd71ee3)
0x0001040c (0x00271793) x15 0x00000004
0x00010410 (0x00fa0633) x12 0x00017f64
0x00010414 (0x00062787) f15 0xff800000 mem 0x00017f64
0x00010418 (0x00f48633) x12 0x00017f88
0x0001041c (0x00062707) f14 0x7f800000 mem 0x00017f88
0x00010420 (0x012787b3) x15 0x00017f40
0x00010424 (0x00170713) x14 0x00000002
0x00010428 (0x00e7f7d3) f15 0x7fc00000
0x0001042c (0x00f7a027) mem 0x00017f40 0x7fc00000
0x00010430 (0xfcd71ee3)
0x0001040c (0x00271793) x15 0x00000008
0x00010410 (0x00fa0633) x12 0x00017f68
0x00010414 (0x00062787) f15 0x80000000 mem 0x00017f68
0x00010418 (0x00f48633) x12 0x00017f8c
0x0001041c (0x00062707) f14 0x00000000 mem 0x00017f8c
0x00010420 (0x012787b3) x15 0x00017f44
0x00010424 (0x00170713) x14 0x00000003
0x00010428 (0x00e7f7d3) f15 0x00000000
0x0001042c (0x00f7a027) mem 0x00017f44 0x00000000
0x00010430 (0xfcd71ee3)
0x0001040c (0x00271793) x15 0x0000000c
0x00010410 (0x00fa0633) x12 0x00017f6c
0x00010414 (0x00062787) f15 0x00000000 mem 0x00017f6c
0x00010418 (0x00f48633) x12 0x00017f90
0x0001041c (0x00062707) f14 0x80000000 mem 0x00017f90
0x00010420 (0x012787b3) x15 0x00017f48
0x00010424 (0x00170713) x14 0x00000004
0x00010428 (0x00e7f7d3) f15 0x00000000
0x0001042c (0x00f7a027) mem 0x00017f48 0x00000000
0x00010430 (0xfcd71ee3)
0x0001040c (0x00271793) x15 0x00000010
0x00010410 (0x00fa0633) x12 0x00017f70
0x00010414 (0x00062787) f15 0x00000000 mem 0x00017f70
0x00010418 (0x00f48633) x12 0x00017f94
0x0001041c (0x00062707) f14 0x7fc00000 mem 0x00017f94
0x00010420 (0x012787b3) x15 0x00017f4c
0x00010424 (0x00170713) x14 0x00000005
0x00010428 (0x00e7f7d3) f15 0x7fc00000
0x0001042c (0x00f7a027) mem 0x00017f4c 0x7fc00000
0x00010430 (0xfcd71ee3)
0x0001040c (0x00271793) x15 0x00000014
0x00010410 (0x00fa0633) x12 0x00017f74
0x00010414 (0x00062787) f15 0x7fc00000 mem 0x00017f74
0x00010418 (0x00f48633) x12 0x00017f98
0x0001041c (0x00062707) f14 0x3f800000 mem 0x00017f98
0x00010420 (0x012787b3) x15 0x00017f50
0x00010424 (0x00170713) x14 0x00000006
0x00010428 (0x00e7f7d3) f15 0x7fc00000
0x0001042c (0x00f7a027) mem 0x00017f50 0x7fc00000
0x00010430 (0xfcd71ee3)
0x0001040c (0x00271793) x15 0x00000018
0x00010410 (0x00fa0633) x12 0x00017f78
0x00010414 (0x00062787) f15 0x7fc00000 mem 0x00017f78
0x00010418 (0x00f48633) x12 0x00017f9c
0x0001041c (0x00062707) f14 0x7fc00000 mem 0x00017f9c
0x00010420 (0x012787b3) x15 0x00017f54
0x00010424 (0x00170713) x14 0x00000007
0x00010428 (0x00e7f7d3) f15 0x7fc00000
0x0001042c (0x00f7a027) mem 0x00017f54 0x7fc00000
0x00010430 (0xfcd71ee3)
0x0001040c (0x00271793) x15 0x0000001c
0x00010410 (0x00fa0633) x12 0x00017f7c
0x00010414 (0x00062787) f15 0x3f800000 mem 0x00017f7c
0x00010418 (0x00f48633) x12 0x00017fa0
0x0001041c (0x00062707) f14 0x3f800000 mem 0x00017fa0
0x00010420 (0x012787b3) x15 0x00017f58
0x00010424 (0x00170713) x14 0x00000008
0x00010428 (0x00e7f7d3) f15 0x40000000
0x0001042c (0x00f7a027) mem 0x00017f58 0x40000000
0x00010430 (0xfcd71ee3)
0x0001040c (0x00271793) x15 0x00000020
0x00010410 (0x00fa0633) x12 0x00017f80
0x00010414 (0x00062787) f15 0x40000000 mem 0x00017f80
0x00010418 (0x00f48633) x12 0x00017fa4
0x0001041c (0x00062707) f14 0x3f800000 mem 0x00017fa4
0x00010420 (0x012787b3) x15 0x00017f5c
0x00010424 (0x00170713) x14 0x00000009
0x00010428 (0x00e7f7d3) f15 0x40400000
0x0001042c (0x00f7a027) mem 0x00017f5c 0x40400000
0x00010430 (0xfcd71ee3)
0x00010434 (0x000084b7) x9  0x00008000
0x00010438 (0x00000413) x8  0x00000000
0x0001043c (0x01048493) x9  0x00008010
0x00010440 (0x02400a13) x20 0x00000024
0x00010444 (0x008985b3) x11 0x00017fa8
0x00010448 (0x00890533) x10 0x00017f3c
0x0001044c (0x00400613) x12 0x00000004
0x00010450 (0x2dc000ef) x1  0x00010454
0x0001072c (0x00300793) x15 0x00000003
0x00010730 (0x02c7f663)
0x00010734 (0x00a5e733) x14 0x00017fbc
0x00010738 (0x00377713) x14 0x00000000
0x0001073c (0x04071e63)
0x00010740 (0x00052683) x13 0x7fc00000 mem 0x00017f3c
0x00010744 (0x0005a703) x14 0x7fc00000 mem 0x00017fa8
0x00010748 (0x04e69863)
0x0001074c (0xffc60613) x12 0x00000000
0x00010750 (0x00450513) x10 0x00017f40
0x00010754 (0x00458593) x11 0x00017fac
0x00010758 (0xfec7e4e3)
0x0001075c (0xfff60693) x13 0xffffffff
0x00010760 (0x02060863)
0x00010790 (0x00000513) x10 0x00000000
0x00010794 (0x00008067)
0x00010454 (0x00153513) x10 0x00000001
0x00010458 (0x00a48023) mem 0x00008010 0x00000001
0x0001045c (0x00440413) x8  0x00000004
0x00010460 (0xff4412e3)
0x00010444 (0x008985b3) x11 0x00017fac
0x00010448 (0x00890533) x10 0x00017f40
0x0001044c (0x00400613) x12 0x00000004
0x00010450 (0x2dc000ef) x1  0x00010454
0x0001072c (0x00300793) x15 0x00000003
0x00010730 (0x02c7f663)
0x00010734 (0x00a5e733) x14 0x00017fec
0x00010738 (0x00377713) x14 0x00000000
0x0001073c (0x04071e63)
0x00010740 (0x00052683) x13 0x7fc00000 mem 0x00017f40
0x00010744 (0x0005a703) x14 0x7fc00000 mem 0x00017fac
0x00010748 (0x04e69863)
0x0001074c (0xffc60613) x12 0x00000000
0x00010750 (0x00450513) x10 0x00017f44
0x00010754 (0x00458593) x11 0x00017fb0
0x00010758 (0xfec7e4e3)
0x0001075c (0xfff60693) x13 0xffffffff
0x00010760 (0x02060863)
0x00010790 (0x00000513) x10 0x00000000
0x00010794 (0x00008067)
0x00010454 (0x00153513) x10 0x00000001
0x00010458 (0x00a48023) mem 0x00008010 0x00000001
0x0001045c (0x00440413) x8  0x00000008
0x00010460 (0xff4412e3)
